time="2024-12-12T08:19:10Z" level=warning msg="/home/ssm-user/testing-recording/docker-compose.yml: the attribute `version` is obsolete, it will be ignored, please remove it to avoid potential confusion"
 Service recorder  Building
#0 building with "default" instance using docker driver

#1 [recorder internal] load build definition from dockerfile
#1 transferring dockerfile: 1.21kB done
#1 DONE 0.0s

#2 [recorder internal] load metadata for docker.io/library/nginx-base:latest
#2 DONE 0.0s

#3 [recorder internal] load metadata for docker.io/library/recorder-base:latest
#3 DONE 0.0s

#4 [recorder internal] load .dockerignore
#4 transferring context: 44B done
#4 DONE 0.0s

#5 [recorder nginx-bin 1/1] FROM docker.io/library/nginx-base:latest
#5 DONE 0.0s

#6 [recorder builder  1/16] FROM docker.io/library/recorder-base:latest
#6 DONE 0.0s

#7 [recorder internal] load build context
#7 transferring context: 548.08kB 0.0s done
#7 DONE 0.0s

#8 [recorder builder  8/16] RUN nginx -t
#8 CACHED

#9 [recorder builder 11/16] RUN wget -q https://dl.google.com/linux/direct/google-chrome-stable_current_amd64.deb
#9 CACHED

#10 [recorder builder  5/16] COPY --from=nginx-bin --chown=recorder:recorder /var/log/nginx /var/log/nginx
#10 CACHED

#11 [recorder builder  6/16] COPY --from=nginx-bin --chown=recorder:recorder /var/run/nginx /var/run/nginx
#11 CACHED

#12 [recorder builder 12/16] RUN apt-get install -y ./google-chrome-stable_current_amd64.deb
#12 CACHED

#13 [recorder builder  3/16] COPY --from=nginx-bin --chown=recorder:recorder /usr/local/sbin/nginx /usr/local/sbin/nginx
#13 CACHED

#14 [recorder builder  7/16] COPY --from=nginx-bin --chown=recorder:recorder /tmp/nginx-client-body /tmp/nginx-client-body
#14 CACHED

#15 [recorder builder  9/16] RUN apt update
#15 CACHED

#16 [recorder builder  4/16] COPY --from=nginx-bin --chown=recorder:recorder /etc/nginx /etc/nginx
#16 CACHED

#17 [recorder builder 13/16] WORKDIR /home/app
#17 CACHED

#18 [recorder builder 10/16] RUN apt-get install -y wget
#18 CACHED

#19 [recorder builder  2/16] COPY --from=nginx-bin --chown=recorder:recorder /usr/local/nginx /usr/local/nginx
#19 CACHED

#20 [recorder builder 14/16] COPY package.json package-lock.json /home/app/
#20 CACHED

#21 [recorder builder 15/16] COPY --chown=recorder:recorder . /home/app/
#21 DONE 0.1s

#22 [recorder builder 16/16] RUN npm install
#22 0.661 npm WARN EBADENGINE Unsupported engine {
#22 0.661 npm WARN EBADENGINE   package: '@puppeteer/browsers@2.6.1',
#22 0.661 npm WARN EBADENGINE   required: { node: '>=18' },
#22 0.662 npm WARN EBADENGINE   current: { node: 'v16.20.0', npm: '8.19.4' }
#22 0.662 npm WARN EBADENGINE }
#22 0.664 npm WARN EBADENGINE Unsupported engine {
#22 0.664 npm WARN EBADENGINE   package: 'puppeteer@23.10.3',
#22 0.664 npm WARN EBADENGINE   required: { node: '>=18' },
#22 0.664 npm WARN EBADENGINE   current: { node: 'v16.20.0', npm: '8.19.4' }
#22 0.664 npm WARN EBADENGINE }
#22 0.664 npm WARN EBADENGINE Unsupported engine {
#22 0.664 npm WARN EBADENGINE   package: 'puppeteer-core@23.10.3',
#22 0.664 npm WARN EBADENGINE   required: { node: '>=18' },
#22 0.664 npm WARN EBADENGINE   current: { node: 'v16.20.0', npm: '8.19.4' }
#22 0.664 npm WARN EBADENGINE }
#22 2.854 
#22 2.854 added 176 packages, and audited 177 packages in 2s
#22 2.854 
#22 2.854 24 packages are looking for funding
#22 2.854   run `npm fund` for details
#22 2.855 
#22 2.855 found 0 vulnerabilities
#22 2.855 npm notice 
#22 2.855 npm notice New major version of npm available! 8.19.4 -> 10.9.2
#22 2.855 npm notice Changelog: <https://github.com/npm/cli/releases/tag/v10.9.2>
#22 2.855 npm notice Run `npm install -g npm@10.9.2` to update!
#22 2.855 npm notice 
#22 DONE 3.3s

#23 [recorder] exporting to image
#23 exporting layers
#23 exporting layers 0.5s done
 Service recorder  Built
#23 writing image sha256:984ea8094aa6e5b39c3c219b4710f086017f322da5953badb131cebca6561663 done
#23 naming to docker.io/library/testing-recording-recorder done
#23 DONE 0.5s

#24 [recorder] resolving provenance for metadata file
#24 DONE 0.0s
 Network testing-recording_default  Creating
 Network testing-recording_default  Created
 Container testing-recording-recorder-1  Creating
 Container testing-recording-recorder-1  Created
Attaching to recorder-1
recorder-1  | W: [pulseaudio] main.c: This program is not intended to be run as root (unless --system is specified).
recorder-1  | working with video duration:  300000
recorder-1  | host os:  undefined
recorder-1  | Chrome path:  /usr/bin/google-chrome
recorder-1  | Running audio only script:  record_audio.sh
Gracefully stopping... (press Ctrl+C again to force)
 Container testing-recording-recorder-1  Stopping
 Container testing-recording-recorder-1  Stopped
canceled
